app/build/intermediates/manifest_merge_blame_file/debug/manifest-merger-blame-debug-report.txt
1<?xml version="1.0" encoding="utf-8"?>
2<manifest xmlns:android="http://schemas.android.com/apk/res/android"
3    package="com.vms.customer"
4    android:versionCode="1"
5    android:versionName="1.0.1" >
6
7    <uses-sdk
8        android:minSdkVersion="19"
8-->src\main\AndroidManifest.xml
9        android:targetSdkVersion="28" />
9-->src\main\AndroidManifest.xml
10
11    <uses-permission android:name="android.permission.INTERNET" />
11-->src\main\AndroidManifest.xml:169:5-67
11-->src\main\AndroidManifest.xml:169:22-64
12    <uses-permission android:name="android.permission.WRITE_EXTERNAL_STORAGE" />
12-->src\main\AndroidManifest.xml:170:5-81
12-->src\main\AndroidManifest.xml:170:22-78
13    <uses-permission android:name="android.permission.READ_EXTERNAL_STORAGE" />
13-->src\main\AndroidManifest.xml:171:5-80
13-->src\main\AndroidManifest.xml:171:22-77
14    <uses-permission android:name="android.permission.RECEIVE_SMS" />
14-->src\main\AndroidManifest.xml:172:5-70
14-->src\main\AndroidManifest.xml:172:22-67
15    <uses-permission android:name="android.permission.READ_SMS" />
15-->src\main\AndroidManifest.xml:173:5-67
15-->src\main\AndroidManifest.xml:173:22-64
16    <uses-permission android:name="android.permission.ACCESS_FINE_LOCATION" />
16-->src\main\AndroidManifest.xml:174:5-79
16-->src\main\AndroidManifest.xml:174:22-76
17    <uses-permission android:name="android.permission.ACCESS_COARSE_LOCATION" />
17-->src\main\AndroidManifest.xml:175:5-81
17-->src\main\AndroidManifest.xml:175:22-78
18    <uses-permission android:name="android.permission.ACCESS_NETWORK_STATE" />
18-->src\main\AndroidManifest.xml:177:5-79
18-->src\main\AndroidManifest.xml:177:22-76
19    <uses-permission android:name="android.permission.ACCESS_WIFI_STATE" />
19-->[com.google.android.libraries.places:places-compat:2.0.0] AndroidManifest.xml:10:5-76
19-->[com.google.android.libraries.places:places-compat:2.0.0] AndroidManifest.xml:10:22-73
20
21    <uses-feature
21-->[com.google.android.gms:play-services-maps:17.0.0] AndroidManifest.xml:26:5-28:35
22        android:glEsVersion="0x00020000"
22-->[com.google.android.gms:play-services-maps:17.0.0] AndroidManifest.xml:27:9-41
23        android:required="true" />
23-->[com.google.android.gms:play-services-maps:17.0.0] AndroidManifest.xml:28:9-32
24
25    <application
25-->src\main\AndroidManifest.xml:5:5-167:19
26        android:name="com.vms.customer.VmsApplication"
26-->src\main\AndroidManifest.xml:6:9-39
27        android:allowBackup="true"
27-->src\main\AndroidManifest.xml:7:9-35
28        android:appComponentFactory="androidx.core.app.CoreComponentFactory"
28-->[androidx.core:core:1.0.0] AndroidManifest.xml:22:18-86
29        android:debuggable="true"
30        android:icon="@mipmap/ic_launcher"
30-->src\main\AndroidManifest.xml:8:9-43
31        android:label="@string/app_name"
31-->src\main\AndroidManifest.xml:9:9-41
32        android:largeHeap="true"
32-->src\main\AndroidManifest.xml:10:9-33
33        android:roundIcon="@mipmap/ic_launcher_round"
33-->src\main\AndroidManifest.xml:11:9-54
34        android:supportsRtl="true"
34-->src\main\AndroidManifest.xml:12:9-35
35        android:theme="@style/AppTheme" >
35-->src\main\AndroidManifest.xml:13:9-40
36        <activity
36-->src\main\AndroidManifest.xml:14:9-16:68
37            android:name="com.vms.customer.activity.CustomerMembershipActivity"
37-->src\main\AndroidManifest.xml:14:19-70
38            android:screenOrientation="portrait"
38-->src\main\AndroidManifest.xml:15:13-49
39            android:theme="@style/AppTheme.NoActionBar" />
39-->src\main\AndroidManifest.xml:16:13-56
40        <activity
40-->src\main\AndroidManifest.xml:17:9-20:59
41            android:name="com.vms.customer.activity.PrivacyPolicyActivity"
41-->src\main\AndroidManifest.xml:18:13-59
42            android:screenOrientation="portrait"
42-->src\main\AndroidManifest.xml:19:13-49
43            android:theme="@style/AppTheme.NoActionBar" />
43-->src\main\AndroidManifest.xml:20:13-56
44        <activity
44-->src\main\AndroidManifest.xml:21:9-24:59
45            android:name="com.vms.customer.activity.TermsOfUseActivity"
45-->src\main\AndroidManifest.xml:22:13-56
46            android:screenOrientation="portrait"
46-->src\main\AndroidManifest.xml:23:13-49
47            android:theme="@style/AppTheme.NoActionBar" />
47-->src\main\AndroidManifest.xml:24:13-56
48        <activity
48-->src\main\AndroidManifest.xml:25:9-28:59
49            android:name="com.vms.customer.activity.AboutAppActivity"
49-->src\main\AndroidManifest.xml:26:13-54
50            android:screenOrientation="portrait"
50-->src\main\AndroidManifest.xml:27:13-49
51            android:theme="@style/AppTheme.NoActionBar" />
51-->src\main\AndroidManifest.xml:28:13-56
52        <activity
52-->src\main\AndroidManifest.xml:29:9-32:59
53            android:name="com.vms.customer.activity.AboutUsActivity"
53-->src\main\AndroidManifest.xml:30:13-53
54            android:screenOrientation="portrait"
54-->src\main\AndroidManifest.xml:31:13-49
55            android:theme="@style/AppTheme.NoActionBar" />
55-->src\main\AndroidManifest.xml:32:13-56
56        <activity
56-->src\main\AndroidManifest.xml:33:9-36:59
57            android:name="com.vms.customer.activity.MoreActivity"
57-->src\main\AndroidManifest.xml:34:13-50
58            android:screenOrientation="portrait"
58-->src\main\AndroidManifest.xml:35:13-49
59            android:theme="@style/AppTheme.NoActionBar" />
59-->src\main\AndroidManifest.xml:36:13-56
60        <activity
60-->src\main\AndroidManifest.xml:37:9-40:83
61            android:name="com.vms.customer.activity.IntroductionPagerActivity"
61-->src\main\AndroidManifest.xml:38:13-63
62            android:screenOrientation="portrait"
62-->src\main\AndroidManifest.xml:39:13-49
63            android:theme="@style/Theme.AppCompat.Light.NoActionBar.FullScreen" />
63-->src\main\AndroidManifest.xml:40:13-80
64        <activity
64-->src\main\AndroidManifest.xml:41:9-44:59
65            android:name="com.vms.customer.activity.VerifyOtpActivity"
65-->src\main\AndroidManifest.xml:42:13-55
66            android:screenOrientation="portrait"
66-->src\main\AndroidManifest.xml:43:13-49
67            android:theme="@style/AppTheme.NoActionBar" />
67-->src\main\AndroidManifest.xml:44:13-56
68        <activity android:name="com.vms.customer.activity.VmsBaseActivity" />
68-->src\main\AndroidManifest.xml:45:9-62
68-->src\main\AndroidManifest.xml:45:19-59
69        <activity
69-->src\main\AndroidManifest.xml:46:9-49:72
70            android:name="com.vms.customer.activity.SignUpActivity"
70-->src\main\AndroidManifest.xml:47:13-52
71            android:theme="@style/Theme.AppCompat.Light.NoActionBar.FullScreen"
71-->src\main\AndroidManifest.xml:48:13-80
72            android:windowSoftInputMode="adjustResize|adjustNothing" />
72-->src\main\AndroidManifest.xml:49:13-69
73        <activity
73-->src\main\AndroidManifest.xml:50:9-54:70
74            android:name="com.vms.customer.activity.SignInActivity"
74-->src\main\AndroidManifest.xml:51:13-52
75            android:screenOrientation="portrait"
75-->src\main\AndroidManifest.xml:52:13-49
76            android:theme="@style/Theme.AppCompat.Light.NoActionBar.FullScreen"
76-->src\main\AndroidManifest.xml:53:13-80
77            android:windowSoftInputMode="stateHidden|adjustResize" />
77-->src\main\AndroidManifest.xml:54:13-67
78        <activity
78-->src\main\AndroidManifest.xml:55:9-58:59
79            android:name="com.vms.customer.activity.EditContact"
79-->src\main\AndroidManifest.xml:56:13-49
80            android:screenOrientation="portrait"
80-->src\main\AndroidManifest.xml:57:13-49
81            android:theme="@style/AppTheme.NoActionBar" />
81-->src\main\AndroidManifest.xml:58:13-56
82        <activity
82-->src\main\AndroidManifest.xml:59:9-62:59
83            android:name="com.vms.customer.activity.ContactAllList"
83-->src\main\AndroidManifest.xml:60:13-52
84            android:screenOrientation="portrait"
84-->src\main\AndroidManifest.xml:61:13-49
85            android:theme="@style/AppTheme.NoActionBar" />
85-->src\main\AndroidManifest.xml:62:13-56
86        <activity android:name="com.vms.customer.models.BookingQuery" />
86-->src\main\AndroidManifest.xml:63:9-57
86-->src\main\AndroidManifest.xml:63:19-54
87        <activity
87-->src\main\AndroidManifest.xml:64:9-67:59
88            android:name="com.vms.customer.activity.CustomerSupport"
88-->src\main\AndroidManifest.xml:65:13-53
89            android:screenOrientation="portrait"
89-->src\main\AndroidManifest.xml:66:13-49
90            android:theme="@style/AppTheme.NoActionBar" />
90-->src\main\AndroidManifest.xml:67:13-56
91        <activity
91-->src\main\AndroidManifest.xml:68:9-71:59
92            android:name="com.vms.customer.activity.Wallet"
92-->src\main\AndroidManifest.xml:69:13-44
93            android:screenOrientation="portrait"
93-->src\main\AndroidManifest.xml:70:13-49
94            android:theme="@style/AppTheme.NoActionBar" />
94-->src\main\AndroidManifest.xml:71:13-56
95        <activity
95-->src\main\AndroidManifest.xml:72:9-75:59
96            android:name="com.vms.customer.activity.ReferenceCodeActivity"
96-->src\main\AndroidManifest.xml:73:13-59
97            android:screenOrientation="portrait"
97-->src\main\AndroidManifest.xml:74:13-49
98            android:theme="@style/AppTheme.NoActionBar" />
98-->src\main\AndroidManifest.xml:75:13-56
99        <activity
99-->src\main\AndroidManifest.xml:76:9-79:59
100            android:name="com.vms.customer.activity.InsuranceProvider"
100-->src\main\AndroidManifest.xml:77:13-55
101            android:screenOrientation="portrait"
101-->src\main\AndroidManifest.xml:78:13-49
102            android:theme="@style/AppTheme.NoActionBar" />
102-->src\main\AndroidManifest.xml:79:13-56
103        <activity
103-->src\main\AndroidManifest.xml:80:9-83:59
104            android:name="com.vms.customer.activity.ContactDetailsInfo"
104-->src\main\AndroidManifest.xml:81:13-56
105            android:screenOrientation="portrait"
105-->src\main\AndroidManifest.xml:82:13-49
106            android:theme="@style/AppTheme.NoActionBar" />
106-->src\main\AndroidManifest.xml:83:13-56
107        <activity
107-->src\main\AndroidManifest.xml:84:9-87:59
108            android:name="com.vms.customer.activity.AddContact"
108-->src\main\AndroidManifest.xml:85:13-48
109            android:screenOrientation="portrait"
109-->src\main\AndroidManifest.xml:86:13-49
110            android:theme="@style/AppTheme.NoActionBar" />
110-->src\main\AndroidManifest.xml:87:13-56
111        <activity
111-->src\main\AndroidManifest.xml:88:9-91:59
112            android:name="com.vms.customer.activity.TruckDetailsFourOptions"
112-->src\main\AndroidManifest.xml:89:13-61
113            android:screenOrientation="portrait"
113-->src\main\AndroidManifest.xml:90:13-49
114            android:theme="@style/AppTheme.NoActionBar" />
114-->src\main\AndroidManifest.xml:91:13-56
115        <activity
115-->src\main\AndroidManifest.xml:92:9-95:59
116            android:name="com.vms.customer.activity.TruckBookingConfirmActivity"
116-->src\main\AndroidManifest.xml:93:13-65
117            android:screenOrientation="portrait"
117-->src\main\AndroidManifest.xml:94:13-49
118            android:theme="@style/AppTheme.NoActionBar" />
118-->src\main\AndroidManifest.xml:95:13-56
119        <activity
119-->src\main\AndroidManifest.xml:96:9-99:59
120            android:name="com.vms.customer.activity.MainFilterActivity"
120-->src\main\AndroidManifest.xml:97:13-56
121            android:screenOrientation="portrait"
121-->src\main\AndroidManifest.xml:98:13-49
122            android:theme="@style/AppTheme.NoActionBar" />
122-->src\main\AndroidManifest.xml:99:13-56
123        <activity
123-->src\main\AndroidManifest.xml:100:9-103:59
124            android:name="com.vms.customer.activity.ListOfVechilesActivity"
124-->src\main\AndroidManifest.xml:101:13-60
125            android:screenOrientation="portrait"
125-->src\main\AndroidManifest.xml:102:13-49
126            android:theme="@style/AppTheme.NoActionBar" />
126-->src\main\AndroidManifest.xml:103:13-56
127        <activity
127-->src\main\AndroidManifest.xml:104:9-107:59
128            android:name="com.vms.customer.activity.AddLoadActivity"
128-->src\main\AndroidManifest.xml:105:13-53
129            android:screenOrientation="portrait"
129-->src\main\AndroidManifest.xml:106:13-49
130            android:theme="@style/AppTheme.NoActionBar" />
130-->src\main\AndroidManifest.xml:107:13-56
131        <activity
131-->src\main\AndroidManifest.xml:108:9-111:59
132            android:name="com.vms.customer.activity.EditProfile"
132-->src\main\AndroidManifest.xml:109:13-49
133            android:screenOrientation="portrait"
133-->src\main\AndroidManifest.xml:110:13-49
134            android:theme="@style/AppTheme.NoActionBar" />
134-->src\main\AndroidManifest.xml:111:13-56
135        <activity
135-->src\main\AndroidManifest.xml:112:9-115:59
136            android:name="com.vms.customer.activity.NotificationActivity"
136-->src\main\AndroidManifest.xml:113:13-58
137            android:screenOrientation="portrait"
137-->src\main\AndroidManifest.xml:114:13-49
138            android:theme="@style/AppTheme.NoActionBar" />
138-->src\main\AndroidManifest.xml:115:13-56
139        <activity
139-->src\main\AndroidManifest.xml:116:9-119:59
140            android:name="com.vms.customer.activity.MapActivity"
140-->src\main\AndroidManifest.xml:117:13-49
141            android:screenOrientation="portrait"
141-->src\main\AndroidManifest.xml:118:13-49
142            android:theme="@style/AppTheme.NoActionBar" />
142-->src\main\AndroidManifest.xml:119:13-56
143        <activity
143-->src\main\AndroidManifest.xml:120:9-123:59
144            android:name="com.vms.customer.activity.BookingSummery"
144-->src\main\AndroidManifest.xml:121:13-52
145            android:screenOrientation="portrait"
145-->src\main\AndroidManifest.xml:122:13-49
146            android:theme="@style/AppTheme.NoActionBar" />
146-->src\main\AndroidManifest.xml:123:13-56
147        <activity
147-->src\main\AndroidManifest.xml:124:9-127:59
148            android:name="com.vms.customer.activity.ProfileActivity"
148-->src\main\AndroidManifest.xml:125:13-53
149            android:screenOrientation="portrait"
149-->src\main\AndroidManifest.xml:126:13-49
150            android:theme="@style/AppTheme.NoActionBar" />
150-->src\main\AndroidManifest.xml:127:13-56
151        <activity
151-->src\main\AndroidManifest.xml:128:9-131:59
152            android:name="com.vms.customer.activity.MaterialType"
152-->src\main\AndroidManifest.xml:129:13-50
153            android:screenOrientation="portrait"
153-->src\main\AndroidManifest.xml:130:13-49
154            android:theme="@style/AppTheme.NoActionBar" />
154-->src\main\AndroidManifest.xml:131:13-56
155        <activity
155-->src\main\AndroidManifest.xml:132:9-135:59
156            android:name="com.vms.customer.activity.BasicLoadActivity"
156-->src\main\AndroidManifest.xml:133:13-55
157            android:screenOrientation="portrait"
157-->src\main\AndroidManifest.xml:134:13-49
158            android:theme="@style/AppTheme.NoActionBar" />
158-->src\main\AndroidManifest.xml:135:13-56
159        <activity
159-->src\main\AndroidManifest.xml:136:9-139:59
160            android:name="com.vms.customer.activity.LoadBookings"
160-->src\main\AndroidManifest.xml:137:13-50
161            android:screenOrientation="portrait"
161-->src\main\AndroidManifest.xml:138:13-49
162            android:theme="@style/AppTheme.NoActionBar" />
162-->src\main\AndroidManifest.xml:139:13-56
163        <activity
163-->src\main\AndroidManifest.xml:140:9-144:59
164            android:name="com.vms.customer.activity.HomeActivity"
164-->src\main\AndroidManifest.xml:141:13-50
165            android:label="@string/title_activity_home"
165-->src\main\AndroidManifest.xml:142:13-56
166            android:screenOrientation="portrait"
166-->src\main\AndroidManifest.xml:143:13-49
167            android:theme="@style/AppTheme.NoActionBar" />
167-->src\main\AndroidManifest.xml:144:13-56
168        <activity
168-->src\main\AndroidManifest.xml:145:9-154:20
169            android:name="com.vms.customer.activity.SplashActivity"
169-->src\main\AndroidManifest.xml:146:13-52
170            android:screenOrientation="portrait"
170-->src\main\AndroidManifest.xml:147:13-49
171            android:theme="@style/AppTheme.NoActionBar" >
171-->src\main\AndroidManifest.xml:148:13-56
172            <intent-filter>
172-->src\main\AndroidManifest.xml:149:13-153:29
173                <action android:name="android.intent.action.MAIN" />
173-->src\main\AndroidManifest.xml:150:17-69
173-->src\main\AndroidManifest.xml:150:25-66
174
175                <category android:name="android.intent.category.LAUNCHER" />
175-->src\main\AndroidManifest.xml:152:17-77
175-->src\main\AndroidManifest.xml:152:27-74
176            </intent-filter>
177        </activity>
178
179        <!-- <meta-data -->
180        <!-- android:name="com.google.android.geo.API_KEY" -->
181        <!-- android:value="AIzaSyBHTMjAK03abscfm6m00ddeFAVcj58lSaM" /> -->
182
183        <meta-data
183-->src\main\AndroidManifest.xml:160:9-162:71
184            android:name="com.google.android.geo.API_KEY"
184-->src\main\AndroidManifest.xml:161:13-58
185            android:value="AIzaSyCQ0d6evaaKj72Q8LQHnRQJ8a5wsLXj6PY" />
185-->src\main\AndroidManifest.xml:162:13-68
186        <meta-data
186-->src\main\AndroidManifest.xml:164:9-166:72
187            android:name="io.fabric.ApiKey"
187-->src\main\AndroidManifest.xml:165:13-44
188            android:value="1f8b313e6053825bab65deec223dec7a3c4141bb" />
188-->src\main\AndroidManifest.xml:166:13-69
189        <!-- Autocomplete -->
190        <activity
190-->[com.google.android.libraries.places:places-compat:2.0.0] AndroidManifest.xml:16:9-23:20
191            android:name="com.google.android.libraries.places.widget.AutocompleteActivity"
191-->[com.google.android.libraries.places:places-compat:2.0.0] AndroidManifest.xml:17:13-91
192            android:exported="false"
192-->[com.google.android.libraries.places:places-compat:2.0.0] AndroidManifest.xml:18:13-37
193            android:hardwareAccelerated="true"
193-->[com.google.android.libraries.places:places-compat:2.0.0] AndroidManifest.xml:19:13-47
194            android:label="@string/places_autocomplete_label"
194-->[com.google.android.libraries.places:places-compat:2.0.0] AndroidManifest.xml:20:13-62
195            android:theme="@style/PlacesAutocompleteThemeOverlay"
195-->[com.google.android.libraries.places:places-compat:2.0.0] AndroidManifest.xml:21:13-66
196            android:windowSoftInputMode="stateAlwaysVisible|adjustPan" >
196-->[com.google.android.libraries.places:places-compat:2.0.0] AndroidManifest.xml:22:13-71
197        </activity> <!-- Needs to be explicitly declared on P+ -->
198        <uses-library
198-->[com.google.android.gms:play-services-maps:17.0.0] AndroidManifest.xml:33:9-35:40
199            android:name="org.apache.http.legacy"
199-->[com.google.android.gms:play-services-maps:17.0.0] AndroidManifest.xml:34:13-50
200            android:required="false" />
200-->[com.google.android.gms:play-services-maps:17.0.0] AndroidManifest.xml:35:13-37
201
202        <activity
202-->[com.google.android.gms:play-services-base:17.1.0] AndroidManifest.xml:23:9-26:75
203            android:name="com.google.android.gms.common.api.GoogleApiActivity"
203-->[com.google.android.gms:play-services-base:17.1.0] AndroidManifest.xml:24:13-79
204            android:exported="false"
204-->[com.google.android.gms:play-services-base:17.1.0] AndroidManifest.xml:25:13-37
205            android:theme="@android:style/Theme.Translucent.NoTitleBar" />
205-->[com.google.android.gms:play-services-base:17.1.0] AndroidManifest.xml:26:13-72
206
207        <meta-data
207-->[com.google.android.gms:play-services-basement:17.0.0] AndroidManifest.xml:23:9-25:69
208            android:name="com.google.android.gms.version"
208-->[com.google.android.gms:play-services-basement:17.0.0] AndroidManifest.xml:24:13-58
209            android:value="@integer/google_play_services_version" />
209-->[com.google.android.gms:play-services-basement:17.0.0] AndroidManifest.xml:25:13-66
210
211        <provider
211-->[com.crashlytics.sdk.android:crashlytics:2.10.1] AndroidManifest.xml:19:9-23:38
212            android:name="com.crashlytics.android.CrashlyticsInitProvider"
212-->[com.crashlytics.sdk.android:crashlytics:2.10.1] AndroidManifest.xml:20:13-75
213            android:authorities="com.vms.customer.crashlyticsinitprovider"
213-->[com.crashlytics.sdk.android:crashlytics:2.10.1] AndroidManifest.xml:21:13-75
214            android:exported="false"
214-->[com.crashlytics.sdk.android:crashlytics:2.10.1] AndroidManifest.xml:22:13-37
215            android:initOrder="90" />
215-->[com.crashlytics.sdk.android:crashlytics:2.10.1] AndroidManifest.xml:23:13-35
216        <provider
216-->[androidx.lifecycle:lifecycle-process:2.0.0] AndroidManifest.xml:23:9-27:43
217            android:name="androidx.lifecycle.ProcessLifecycleOwnerInitializer"
217-->[androidx.lifecycle:lifecycle-process:2.0.0] AndroidManifest.xml:24:13-79
218            android:authorities="com.vms.customer.lifecycle-process"
218-->[androidx.lifecycle:lifecycle-process:2.0.0] AndroidManifest.xml:25:13-69
219            android:exported="false"
219-->[androidx.lifecycle:lifecycle-process:2.0.0] AndroidManifest.xml:26:13-37
220            android:multiprocess="true" />
220-->[androidx.lifecycle:lifecycle-process:2.0.0] AndroidManifest.xml:27:13-40
221    </application>
222
223</manifest>